<?xml version="1.0" encoding="UTF-8"?>
<!-- Generated by org.testng.reporters.JUnitReportReporter -->
<testsuite hostname="Admin" failures="0" tests="5" name="TestData.TestLogin" time="182.906" errors="0" timestamp="2022-04-26T21:31:56 IST" skipped="0">
  <testcase classname="TestData.TestLogin" name="LoginCredential" time="29.963"/>
  <system-out/>
  <testcase classname="TestData.TestLogin" name="LoginWithoutCredentials" time="17.721"/>
  <system-out/>
  <testcase classname="TestData.TestLogin" name="KiteLogo" time="61.390"/>
  <system-out/>
  <testcase classname="TestData.TestLogin" name="ForgotPassClick" time="25.934"/>
  <system-out/>
  <testcase classname="TestData.TestLogin" name="ClickOnSignUp" time="47.898"/>
  <system-out/>
</testsuite> <!-- TestData.TestLogin -->
