<?xml version="1.0" encoding="UTF-8"?>
<!-- Generated by org.testng.reporters.JUnitReportReporter -->
<testsuite hostname="Admin" failures="0" tests="1" name="TestData.ListenerExecution" time="22.579" errors="0" timestamp="2022-05-08T20:49:29 IST" skipped="0">
  <testcase classname="TestData.ListenerExecution" name="LoginWithCredential" time="22.579"/>
  <system-out/>
</testsuite> <!-- TestData.ListenerExecution -->
